The target system is: Retro68 - 1 - 
The host system is: Linux - 5.3.0-62-generic - x86_64
Compiling the C compiler identification source file "CMakeCCompilerId.c" succeeded.
Compiler: /home/palomides/src/Retro68-build/toolchain/bin/m68k-apple-macos-gcc 
Build flags: 
Id flags:  

The output was:
0


Compilation of the C compiler identification source "CMakeCCompilerId.c" produced "a.out"

Compilation of the C compiler identification source "CMakeCCompilerId.c" produced "a.out.gdb"

The C compiler identification is GNU, found in "/home/palomides/src/libvterm/libvterm-0.1.3/build/CMakeFiles/3.13.4/CompilerIdC/a.out.gdb"

Determining if the C compiler works passed with the following output:
Change Dir: /home/palomides/src/libvterm/libvterm-0.1.3/build/CMakeFiles/CMakeTmp

Run Build Command:"/usr/bin/make" "cmTC_13b65/fast"
/usr/bin/make -f CMakeFiles/cmTC_13b65.dir/build.make CMakeFiles/cmTC_13b65.dir/build
make[1]: Entering directory '/home/palomides/src/libvterm/libvterm-0.1.3/build/CMakeFiles/CMakeTmp'
Building C object CMakeFiles/cmTC_13b65.dir/testCCompiler.c.obj
/home/palomides/src/Retro68-build/toolchain/bin/m68k-apple-macos-gcc    -o CMakeFiles/cmTC_13b65.dir/testCCompiler.c.obj   -c /home/palomides/src/libvterm/libvterm-0.1.3/build/CMakeFiles/CMakeTmp/testCCompiler.c
Linking C executable cmTC_13b65
/usr/bin/cmake -E cmake_link_script CMakeFiles/cmTC_13b65.dir/link.txt --verbose=1
/home/palomides/src/Retro68-build/toolchain/bin/m68k-apple-macos-gcc      CMakeFiles/cmTC_13b65.dir/testCCompiler.c.obj  -o cmTC_13b65 
make[1]: Leaving directory '/home/palomides/src/libvterm/libvterm-0.1.3/build/CMakeFiles/CMakeTmp'


Detecting C compiler ABI info compiled with the following output:
Change Dir: /home/palomides/src/libvterm/libvterm-0.1.3/build/CMakeFiles/CMakeTmp

Run Build Command:"/usr/bin/make" "cmTC_5c831/fast"
/usr/bin/make -f CMakeFiles/cmTC_5c831.dir/build.make CMakeFiles/cmTC_5c831.dir/build
make[1]: Entering directory '/home/palomides/src/libvterm/libvterm-0.1.3/build/CMakeFiles/CMakeTmp'
Building C object CMakeFiles/cmTC_5c831.dir/CMakeCCompilerABI.c.obj
/home/palomides/src/Retro68-build/toolchain/bin/m68k-apple-macos-gcc    -o CMakeFiles/cmTC_5c831.dir/CMakeCCompilerABI.c.obj   -c /usr/share/cmake-3.13/Modules/CMakeCCompilerABI.c
Linking C executable cmTC_5c831
/usr/bin/cmake -E cmake_link_script CMakeFiles/cmTC_5c831.dir/link.txt --verbose=1
/home/palomides/src/Retro68-build/toolchain/bin/m68k-apple-macos-gcc     -v CMakeFiles/cmTC_5c831.dir/CMakeCCompilerABI.c.obj  -o cmTC_5c831 
Using built-in specs.
COLLECT_GCC=/home/palomides/src/Retro68-build/toolchain/bin/m68k-apple-macos-gcc
COLLECT_LTO_WRAPPER=/home/palomides/src/Retro68-build/toolchain/libexec/gcc/m68k-apple-macos/9.1.0/lto-wrapper
Target: m68k-apple-macos
Configured with: /home/palomides/src/Retro68/gcc/configure --target=m68k-apple-macos --prefix=/home/palomides/src/Retro68-build/toolchain/ --enable-languages=c,c++ --with-arch=m68k --with-cpu=m68000 --disable-libssp MAKEINFO=missing : (reconfigured) /home/palomides/src/Retro68/gcc/configure --target=m68k-apple-macos --prefix=/home/palomides/src/Retro68-build/toolchain/ --enable-languages=c,c++ --with-arch=m68k --with-cpu=m68000 --disable-libssp MAKEINFO=missing
Thread model: single
gcc version 9.1.0 (GCC) 
COMPILER_PATH=/home/palomides/src/Retro68-build/toolchain/libexec/gcc/m68k-apple-macos/9.1.0/:/home/palomides/src/Retro68-build/toolchain/libexec/gcc/m68k-apple-macos/9.1.0/:/home/palomides/src/Retro68-build/toolchain/libexec/gcc/m68k-apple-macos/:/home/palomides/src/Retro68-build/toolchain/lib/gcc/m68k-apple-macos/9.1.0/:/home/palomides/src/Retro68-build/toolchain/lib/gcc/m68k-apple-macos/:/home/palomides/src/Retro68-build/toolchain/lib/gcc/m68k-apple-macos/9.1.0/../../../../m68k-apple-macos/bin/
LIBRARY_PATH=/home/palomides/src/Retro68-build/toolchain/lib/gcc/m68k-apple-macos/9.1.0/:/home/palomides/src/Retro68-build/toolchain/lib/gcc/m68k-apple-macos/9.1.0/../../../../m68k-apple-macos/lib/
COLLECT_GCC_OPTIONS='-v' '-o' 'cmTC_5c831' '-mcpu=68000'
 /home/palomides/src/Retro68-build/toolchain/libexec/gcc/m68k-apple-macos/9.1.0/collect2 -plugin /home/palomides/src/Retro68-build/toolchain/libexec/gcc/m68k-apple-macos/9.1.0/liblto_plugin.so -plugin-opt=/home/palomides/src/Retro68-build/toolchain/libexec/gcc/m68k-apple-macos/9.1.0/lto-wrapper -plugin-opt=-fresolution=/tmp/ccNCJVqe.res -plugin-opt=-pass-through=-lgcc -plugin-opt=-pass-through=-lc -plugin-opt=-pass-through=-lretrocrt -plugin-opt=-pass-through=-lInterface -elf2mac -q -undefined=_consolewrite -o cmTC_5c831 -L/home/palomides/src/Retro68-build/toolchain/lib/gcc/m68k-apple-macos/9.1.0 -L/home/palomides/src/Retro68-build/toolchain/lib/gcc/m68k-apple-macos/9.1.0/../../../../m68k-apple-macos/lib CMakeFiles/cmTC_5c831.dir/CMakeCCompilerABI.c.obj --start-group -lgcc -lc -lretrocrt -lInterface --end-group
COLLECT_GCC_OPTIONS='-v' '-o' 'cmTC_5c831' '-mcpu=68000'
make[1]: Leaving directory '/home/palomides/src/libvterm/libvterm-0.1.3/build/CMakeFiles/CMakeTmp'


Parsed C implicit link information from above output:
  link line regex: [^( *|.*[/\])(m68k-apple-macos-ld|CMAKE_LINK_STARTFILE-NOTFOUND|([^/\]+-)?ld|collect2)[^/\]*( |$)]
  ignore line: [Change Dir: /home/palomides/src/libvterm/libvterm-0.1.3/build/CMakeFiles/CMakeTmp]
  ignore line: []
  ignore line: [Run Build Command:"/usr/bin/make" "cmTC_5c831/fast"]
  ignore line: [/usr/bin/make -f CMakeFiles/cmTC_5c831.dir/build.make CMakeFiles/cmTC_5c831.dir/build]
  ignore line: [make[1]: Entering directory '/home/palomides/src/libvterm/libvterm-0.1.3/build/CMakeFiles/CMakeTmp']
  ignore line: [Building C object CMakeFiles/cmTC_5c831.dir/CMakeCCompilerABI.c.obj]
  ignore line: [/home/palomides/src/Retro68-build/toolchain/bin/m68k-apple-macos-gcc    -o CMakeFiles/cmTC_5c831.dir/CMakeCCompilerABI.c.obj   -c /usr/share/cmake-3.13/Modules/CMakeCCompilerABI.c]
  ignore line: [Linking C executable cmTC_5c831]
  ignore line: [/usr/bin/cmake -E cmake_link_script CMakeFiles/cmTC_5c831.dir/link.txt --verbose=1]
  ignore line: [/home/palomides/src/Retro68-build/toolchain/bin/m68k-apple-macos-gcc     -v CMakeFiles/cmTC_5c831.dir/CMakeCCompilerABI.c.obj  -o cmTC_5c831 ]
  ignore line: [Using built-in specs.]
  ignore line: [COLLECT_GCC=/home/palomides/src/Retro68-build/toolchain/bin/m68k-apple-macos-gcc]
  ignore line: [COLLECT_LTO_WRAPPER=/home/palomides/src/Retro68-build/toolchain/libexec/gcc/m68k-apple-macos/9.1.0/lto-wrapper]
  ignore line: [Target: m68k-apple-macos]
  ignore line: [Configured with: /home/palomides/src/Retro68/gcc/configure --target=m68k-apple-macos --prefix=/home/palomides/src/Retro68-build/toolchain/ --enable-languages=c,c++ --with-arch=m68k --with-cpu=m68000 --disable-libssp MAKEINFO=missing : (reconfigured) /home/palomides/src/Retro68/gcc/configure --target=m68k-apple-macos --prefix=/home/palomides/src/Retro68-build/toolchain/ --enable-languages=c,c++ --with-arch=m68k --with-cpu=m68000 --disable-libssp MAKEINFO=missing]
  ignore line: [Thread model: single]
  ignore line: [gcc version 9.1.0 (GCC) ]
  ignore line: [COMPILER_PATH=/home/palomides/src/Retro68-build/toolchain/libexec/gcc/m68k-apple-macos/9.1.0/:/home/palomides/src/Retro68-build/toolchain/libexec/gcc/m68k-apple-macos/9.1.0/:/home/palomides/src/Retro68-build/toolchain/libexec/gcc/m68k-apple-macos/:/home/palomides/src/Retro68-build/toolchain/lib/gcc/m68k-apple-macos/9.1.0/:/home/palomides/src/Retro68-build/toolchain/lib/gcc/m68k-apple-macos/:/home/palomides/src/Retro68-build/toolchain/lib/gcc/m68k-apple-macos/9.1.0/../../../../m68k-apple-macos/bin/]
  ignore line: [LIBRARY_PATH=/home/palomides/src/Retro68-build/toolchain/lib/gcc/m68k-apple-macos/9.1.0/:/home/palomides/src/Retro68-build/toolchain/lib/gcc/m68k-apple-macos/9.1.0/../../../../m68k-apple-macos/lib/]
  ignore line: [COLLECT_GCC_OPTIONS='-v' '-o' 'cmTC_5c831' '-mcpu=68000']
  link line: [ /home/palomides/src/Retro68-build/toolchain/libexec/gcc/m68k-apple-macos/9.1.0/collect2 -plugin /home/palomides/src/Retro68-build/toolchain/libexec/gcc/m68k-apple-macos/9.1.0/liblto_plugin.so -plugin-opt=/home/palomides/src/Retro68-build/toolchain/libexec/gcc/m68k-apple-macos/9.1.0/lto-wrapper -plugin-opt=-fresolution=/tmp/ccNCJVqe.res -plugin-opt=-pass-through=-lgcc -plugin-opt=-pass-through=-lc -plugin-opt=-pass-through=-lretrocrt -plugin-opt=-pass-through=-lInterface -elf2mac -q -undefined=_consolewrite -o cmTC_5c831 -L/home/palomides/src/Retro68-build/toolchain/lib/gcc/m68k-apple-macos/9.1.0 -L/home/palomides/src/Retro68-build/toolchain/lib/gcc/m68k-apple-macos/9.1.0/../../../../m68k-apple-macos/lib CMakeFiles/cmTC_5c831.dir/CMakeCCompilerABI.c.obj --start-group -lgcc -lc -lretrocrt -lInterface --end-group]
    arg [/home/palomides/src/Retro68-build/toolchain/libexec/gcc/m68k-apple-macos/9.1.0/collect2] ==> ignore
    arg [-plugin] ==> ignore
    arg [/home/palomides/src/Retro68-build/toolchain/libexec/gcc/m68k-apple-macos/9.1.0/liblto_plugin.so] ==> ignore
    arg [-plugin-opt=/home/palomides/src/Retro68-build/toolchain/libexec/gcc/m68k-apple-macos/9.1.0/lto-wrapper] ==> ignore
    arg [-plugin-opt=-fresolution=/tmp/ccNCJVqe.res] ==> ignore
    arg [-plugin-opt=-pass-through=-lgcc] ==> ignore
    arg [-plugin-opt=-pass-through=-lc] ==> ignore
    arg [-plugin-opt=-pass-through=-lretrocrt] ==> ignore
    arg [-plugin-opt=-pass-through=-lInterface] ==> ignore
    arg [-elf2mac] ==> ignore
    arg [-q] ==> ignore
    arg [-undefined=_consolewrite] ==> ignore
    arg [-o] ==> ignore
    arg [cmTC_5c831] ==> ignore
    arg [-L/home/palomides/src/Retro68-build/toolchain/lib/gcc/m68k-apple-macos/9.1.0] ==> dir [/home/palomides/src/Retro68-build/toolchain/lib/gcc/m68k-apple-macos/9.1.0]
    arg [-L/home/palomides/src/Retro68-build/toolchain/lib/gcc/m68k-apple-macos/9.1.0/../../../../m68k-apple-macos/lib] ==> dir [/home/palomides/src/Retro68-build/toolchain/lib/gcc/m68k-apple-macos/9.1.0/../../../../m68k-apple-macos/lib]
    arg [CMakeFiles/cmTC_5c831.dir/CMakeCCompilerABI.c.obj] ==> ignore
    arg [--start-group] ==> ignore
    arg [-lgcc] ==> lib [gcc]
    arg [-lc] ==> lib [c]
    arg [-lretrocrt] ==> lib [retrocrt]
    arg [-lInterface] ==> lib [Interface]
    arg [--end-group] ==> ignore
  collapse library dir [/home/palomides/src/Retro68-build/toolchain/lib/gcc/m68k-apple-macos/9.1.0] ==> [/home/palomides/src/Retro68-build/toolchain/lib/gcc/m68k-apple-macos/9.1.0]
  collapse library dir [/home/palomides/src/Retro68-build/toolchain/lib/gcc/m68k-apple-macos/9.1.0/../../../../m68k-apple-macos/lib] ==> [/home/palomides/src/Retro68-build/toolchain/m68k-apple-macos/lib]
  implicit libs: [gcc;c;retrocrt;Interface]
  implicit dirs: [/home/palomides/src/Retro68-build/toolchain/lib/gcc/m68k-apple-macos/9.1.0;/home/palomides/src/Retro68-build/toolchain/m68k-apple-macos/lib]
  implicit fwks: []




Detecting C [-std=c11] compiler features compiled with the following output:
Change Dir: /home/palomides/src/libvterm/libvterm-0.1.3/build/CMakeFiles/CMakeTmp

Run Build Command:"/usr/bin/make" "cmTC_c2676/fast"
/usr/bin/make -f CMakeFiles/cmTC_c2676.dir/build.make CMakeFiles/cmTC_c2676.dir/build
make[1]: Entering directory '/home/palomides/src/libvterm/libvterm-0.1.3/build/CMakeFiles/CMakeTmp'
Building C object CMakeFiles/cmTC_c2676.dir/feature_tests.c.obj
/home/palomides/src/Retro68-build/toolchain/bin/m68k-apple-macos-gcc   -std=c11 -o CMakeFiles/cmTC_c2676.dir/feature_tests.c.obj   -c /home/palomides/src/libvterm/libvterm-0.1.3/build/CMakeFiles/feature_tests.c
Linking C executable cmTC_c2676
/usr/bin/cmake -E cmake_link_script CMakeFiles/cmTC_c2676.dir/link.txt --verbose=1
/home/palomides/src/Retro68-build/toolchain/bin/m68k-apple-macos-gcc      CMakeFiles/cmTC_c2676.dir/feature_tests.c.obj  -o cmTC_c2676 
make[1]: Leaving directory '/home/palomides/src/libvterm/libvterm-0.1.3/build/CMakeFiles/CMakeTmp'




Detecting C [-std=c99] compiler features compiled with the following output:
Change Dir: /home/palomides/src/libvterm/libvterm-0.1.3/build/CMakeFiles/CMakeTmp

Run Build Command:"/usr/bin/make" "cmTC_381bc/fast"
/usr/bin/make -f CMakeFiles/cmTC_381bc.dir/build.make CMakeFiles/cmTC_381bc.dir/build
make[1]: Entering directory '/home/palomides/src/libvterm/libvterm-0.1.3/build/CMakeFiles/CMakeTmp'
Building C object CMakeFiles/cmTC_381bc.dir/feature_tests.c.obj
/home/palomides/src/Retro68-build/toolchain/bin/m68k-apple-macos-gcc   -std=c99 -o CMakeFiles/cmTC_381bc.dir/feature_tests.c.obj   -c /home/palomides/src/libvterm/libvterm-0.1.3/build/CMakeFiles/feature_tests.c
Linking C executable cmTC_381bc
/usr/bin/cmake -E cmake_link_script CMakeFiles/cmTC_381bc.dir/link.txt --verbose=1
/home/palomides/src/Retro68-build/toolchain/bin/m68k-apple-macos-gcc      CMakeFiles/cmTC_381bc.dir/feature_tests.c.obj  -o cmTC_381bc 
make[1]: Leaving directory '/home/palomides/src/libvterm/libvterm-0.1.3/build/CMakeFiles/CMakeTmp'




Detecting C [-std=c90] compiler features compiled with the following output:
Change Dir: /home/palomides/src/libvterm/libvterm-0.1.3/build/CMakeFiles/CMakeTmp

Run Build Command:"/usr/bin/make" "cmTC_5f0c5/fast"
/usr/bin/make -f CMakeFiles/cmTC_5f0c5.dir/build.make CMakeFiles/cmTC_5f0c5.dir/build
make[1]: Entering directory '/home/palomides/src/libvterm/libvterm-0.1.3/build/CMakeFiles/CMakeTmp'
Building C object CMakeFiles/cmTC_5f0c5.dir/feature_tests.c.obj
/home/palomides/src/Retro68-build/toolchain/bin/m68k-apple-macos-gcc   -std=c90 -o CMakeFiles/cmTC_5f0c5.dir/feature_tests.c.obj   -c /home/palomides/src/libvterm/libvterm-0.1.3/build/CMakeFiles/feature_tests.c
Linking C executable cmTC_5f0c5
/usr/bin/cmake -E cmake_link_script CMakeFiles/cmTC_5f0c5.dir/link.txt --verbose=1
/home/palomides/src/Retro68-build/toolchain/bin/m68k-apple-macos-gcc      CMakeFiles/cmTC_5f0c5.dir/feature_tests.c.obj  -o cmTC_5f0c5 
make[1]: Leaving directory '/home/palomides/src/libvterm/libvterm-0.1.3/build/CMakeFiles/CMakeTmp'


